<?xml version="1.0" encoding="UTF-8"?>
<robot generator="Robot 4.0.3 (Python 3.9.5 on win32)" generated="20210607 14:54:48.941" rpa="false" schemaversion="2">
<suite id="s1" name="TC2" source="C:\Users\LQA\PycharmProjects\pythonProject\Testcases\TC2.robot">
<test id="s1-t1" name="CreateAccountFail">
<kw name="Open Browser" library="Selenium2Library">
<arg>${linkweb}</arg>
<arg>${browser}</arg>
<doc>Opens a new browser instance to the optional ``url``.</doc>
<msg timestamp="20210607 14:54:49.502" level="INFO">Opening browser 'chrome' to base url 'http://automationpractice.com/index.php'.</msg>
<status status="PASS" starttime="20210607 14:54:49.501" endtime="20210607 14:55:08.626"/>
</kw>
<kw name="Maximize Browser Window" library="Selenium2Library">
<doc>Maximizes current browser window.</doc>
<status status="PASS" starttime="20210607 14:55:08.627" endtime="20210607 14:55:08.765"/>
</kw>
<kw name="Click Element" library="Selenium2Library">
<arg>${signInLocator}</arg>
<doc>Click the element identified by ``locator``.</doc>
<msg timestamp="20210607 14:55:08.766" level="INFO">Clicking element '//*[@class="header_user_info"]'.</msg>
<status status="PASS" starttime="20210607 14:55:08.765" endtime="20210607 14:55:20.671"/>
</kw>
<kw name="Wait Until Page Contains" library="Selenium2Library">
<arg>${containsTextPage}</arg>
<arg>timeout=10</arg>
<arg>error=false</arg>
<doc>Waits until ``text`` appears on the current page.</doc>
<status status="PASS" starttime="20210607 14:55:20.671" endtime="20210607 14:55:20.689"/>
</kw>
<kw name="Input Text" library="Selenium2Library">
<arg>${inputEmailLoc}</arg>
<arg>${emailFakeError}</arg>
<doc>Types the given ``text`` into the text field identified by ``locator``.</doc>
<msg timestamp="20210607 14:55:20.689" level="INFO">Typing text 'abc' into text field 'id:email_create'.</msg>
<status status="PASS" starttime="20210607 14:55:20.689" endtime="20210607 14:55:20.844"/>
</kw>
<kw name="Click Button" library="Selenium2Library">
<arg>${createAccButtonLoc}</arg>
<doc>Clicks the button identified by ``locator``.</doc>
<msg timestamp="20210607 14:55:20.845" level="INFO">Clicking button '//*[@id="SubmitCreate"]'.</msg>
<status status="PASS" starttime="20210607 14:55:20.845" endtime="20210607 14:55:20.940"/>
</kw>
<kw name="Wait Until Page Contains" library="Selenium2Library">
<arg>${containsTextCreateAccountFail}</arg>
<doc>Waits until ``text`` appears on the current page.</doc>
<kw name="Capture Page Screenshot" library="Selenium2Library">
<doc>Takes a screenshot of the current page and embeds it into a log file.</doc>
<msg timestamp="20210607 14:55:26.371" level="INFO" html="true">&lt;/td&gt;&lt;/tr&gt;&lt;tr&gt;&lt;td colspan="3"&gt;&lt;a href="selenium-screenshot-1.png"&gt;&lt;img src="selenium-screenshot-1.png" width="800px"&gt;&lt;/a&gt;</msg>
<status status="PASS" starttime="20210607 14:55:26.026" endtime="20210607 14:55:26.371"/>
</kw>
<msg timestamp="20210607 14:55:26.778" level="FAIL">Text 'Invalid email address.' did not appear in 5 seconds.</msg>
<status status="FAIL" starttime="20210607 14:55:20.940" endtime="20210607 14:55:26.779"/>
</kw>
<kw name="Element Should Be Enabled" library="Selenium2Library">
<arg>${errorEmailTextLoc}</arg>
<doc>Verifies that element identified by ``locator`` is enabled.</doc>
<status status="NOT RUN" starttime="20210607 14:55:26.780" endtime="20210607 14:55:26.780"/>
</kw>
<kw name="Close Browser" library="Selenium2Library">
<doc>Closes the current browser.</doc>
<status status="NOT RUN" starttime="20210607 14:55:26.781" endtime="20210607 14:55:26.781"/>
</kw>
<status status="FAIL" starttime="20210607 14:54:49.500" endtime="20210607 14:55:26.782">Text 'Invalid email address.' did not appear in 5 seconds.</status>
</test>
<test id="s1-t2" name="CreateAccountSuccess">
<kw name="Open Browser" library="Selenium2Library">
<arg>${linkweb}</arg>
<arg>${browser}</arg>
<doc>Opens a new browser instance to the optional ``url``.</doc>
<msg timestamp="20210607 14:55:26.786" level="INFO">Opening browser 'chrome' to base url 'http://automationpractice.com/index.php'.</msg>
<status status="PASS" starttime="20210607 14:55:26.785" endtime="20210607 14:55:43.389"/>
</kw>
<kw name="Maximize Browser Window" library="Selenium2Library">
<doc>Maximizes current browser window.</doc>
<status status="PASS" starttime="20210607 14:55:43.389" endtime="20210607 14:55:43.527"/>
</kw>
<kw name="Click Element" library="Selenium2Library">
<arg>${signInLocator}</arg>
<doc>Click the element identified by ``locator``.</doc>
<msg timestamp="20210607 14:55:43.528" level="INFO">Clicking element '//*[@class="header_user_info"]'.</msg>
<status status="PASS" starttime="20210607 14:55:43.528" endtime="20210607 14:55:56.745"/>
</kw>
<kw name="Wait Until Page Contains" library="Selenium2Library">
<arg>${containsTextPage}</arg>
<arg>timeout=10</arg>
<arg>error=false</arg>
<doc>Waits until ``text`` appears on the current page.</doc>
<status status="PASS" starttime="20210607 14:55:56.745" endtime="20210607 14:55:56.763"/>
</kw>
<kw name="Input Text" library="Selenium2Library">
<arg>${inputEmailLoc}</arg>
<arg>${emailFake}</arg>
<doc>Types the given ``text`` into the text field identified by ``locator``.</doc>
<msg timestamp="20210607 14:55:56.764" level="INFO">Typing text 'phuthanhphat1212@ymail.com' into text field 'id:email_create'.</msg>
<status status="PASS" starttime="20210607 14:55:56.764" endtime="20210607 14:55:56.885"/>
</kw>
<kw name="Click Button" library="Selenium2Library">
<arg>${createAccButtonLoc}</arg>
<doc>Clicks the button identified by ``locator``.</doc>
<msg timestamp="20210607 14:55:56.886" level="INFO">Clicking button '//*[@id="SubmitCreate"]'.</msg>
<status status="PASS" starttime="20210607 14:55:56.886" endtime="20210607 14:55:56.977"/>
</kw>
<kw name="Wait Until Element Is Visible" library="Selenium2Library">
<arg>${genderbuttonloc}</arg>
<arg>timeout=10</arg>
<arg>error=false</arg>
<doc>Waits until the element ``locator`` is visible.</doc>
<kw name="Capture Page Screenshot" library="Selenium2Library">
<doc>Takes a screenshot of the current page and embeds it into a log file.</doc>
<msg timestamp="20210607 14:56:07.383" level="INFO" html="true">&lt;/td&gt;&lt;/tr&gt;&lt;tr&gt;&lt;td colspan="3"&gt;&lt;a href="selenium-screenshot-2.png"&gt;&lt;img src="selenium-screenshot-2.png" width="800px"&gt;&lt;/a&gt;</msg>
<status status="PASS" starttime="20210607 14:56:07.160" endtime="20210607 14:56:07.384"/>
</kw>
<msg timestamp="20210607 14:56:07.384" level="FAIL">false</msg>
<status status="FAIL" starttime="20210607 14:55:56.977" endtime="20210607 14:56:07.384"/>
</kw>
<kw name="Click Button" library="Selenium2Library">
<arg>${genderButtonLoc}</arg>
<doc>Clicks the button identified by ``locator``.</doc>
<status status="NOT RUN" starttime="20210607 14:56:07.385" endtime="20210607 14:56:07.385"/>
</kw>
<kw name="Input Text" library="Selenium2Library">
<arg>${firstnameinputloc}</arg>
<arg>T</arg>
<doc>Types the given ``text`` into the text field identified by ``locator``.</doc>
<status status="NOT RUN" starttime="20210607 14:56:07.385" endtime="20210607 14:56:07.385"/>
</kw>
<kw name="Input Text" library="Selenium2Library">
<arg>${lastnameinputloc}</arg>
<arg>T</arg>
<doc>Types the given ``text`` into the text field identified by ``locator``.</doc>
<status status="NOT RUN" starttime="20210607 14:56:07.385" endtime="20210607 14:56:07.386"/>
</kw>
<kw name="Input Text" library="Selenium2Library">
<arg>${passwordinputloc}</arg>
<arg>T12345678</arg>
<doc>Types the given ``text`` into the text field identified by ``locator``.</doc>
<status status="NOT RUN" starttime="20210607 14:56:07.386" endtime="20210607 14:56:07.386"/>
</kw>
<kw name="Input Text" library="Selenium2Library">
<arg>${frtnameaddressinputloc}</arg>
<arg>T</arg>
<doc>Types the given ``text`` into the text field identified by ``locator``.</doc>
<status status="NOT RUN" starttime="20210607 14:56:07.386" endtime="20210607 14:56:07.386"/>
</kw>
<kw name="Input Text" library="Selenium2Library">
<arg>${lstnameaddressinputloc}</arg>
<arg>T</arg>
<doc>Types the given ``text`` into the text field identified by ``locator``.</doc>
<status status="NOT RUN" starttime="20210607 14:56:07.387" endtime="20210607 14:56:07.387"/>
</kw>
<kw name="Input Text" library="Selenium2Library">
<arg>${addressinputloc}</arg>
<arg>T</arg>
<doc>Types the given ``text`` into the text field identified by ``locator``.</doc>
<status status="NOT RUN" starttime="20210607 14:56:07.387" endtime="20210607 14:56:07.387"/>
</kw>
<kw name="Input Text" library="Selenium2Library">
<arg>${cityinputloc}</arg>
<arg>T</arg>
<doc>Types the given ``text`` into the text field identified by ``locator``.</doc>
<status status="NOT RUN" starttime="20210607 14:56:07.387" endtime="20210607 14:56:07.388"/>
</kw>
<kw name="Select From List By Index" library="Selenium2Library">
<arg>${stateselectloc}</arg>
<arg>1</arg>
<doc>Selects options from selection list ``locator`` by ``indexes``.</doc>
<status status="NOT RUN" starttime="20210607 14:56:07.388" endtime="20210607 14:56:07.388"/>
</kw>
<kw name="Input Text" library="Selenium2Library">
<arg>${zipcodeinputloc}</arg>
<arg>10001</arg>
<doc>Types the given ``text`` into the text field identified by ``locator``.</doc>
<status status="NOT RUN" starttime="20210607 14:56:07.388" endtime="20210607 14:56:07.388"/>
</kw>
<kw name="Input Text" library="Selenium2Library">
<arg>${mobileinputloc}</arg>
<arg>1232131232</arg>
<doc>Types the given ``text`` into the text field identified by ``locator``.</doc>
<status status="NOT RUN" starttime="20210607 14:56:07.389" endtime="20210607 14:56:07.389"/>
</kw>
<kw name="Input Text" library="Selenium2Library">
<arg>${assignaddressinputloc}</arg>
<arg>phuthanhphat11121@ymail.com</arg>
<doc>Types the given ``text`` into the text field identified by ``locator``.</doc>
<status status="NOT RUN" starttime="20210607 14:56:07.389" endtime="20210607 14:56:07.389"/>
</kw>
<kw name="Click Button" library="Selenium2Library">
<arg>${registerbuttonloc}</arg>
<doc>Clicks the button identified by ``locator``.</doc>
<status status="NOT RUN" starttime="20210607 14:56:07.390" endtime="20210607 14:56:07.390"/>
</kw>
<kw name="Wait Until Element Is Enabled" library="Selenium2Library">
<arg>${createaccsuccesstextloc}</arg>
<arg>timeout=10</arg>
<arg>error=false</arg>
<doc>Waits until the element ``locator`` is enabled.</doc>
<status status="NOT RUN" starttime="20210607 14:56:07.390" endtime="20210607 14:56:07.390"/>
</kw>
<kw name="Close Browser" library="Selenium2Library">
<doc>Closes the current browser.</doc>
<status status="NOT RUN" starttime="20210607 14:56:07.391" endtime="20210607 14:56:07.391"/>
</kw>
<status status="FAIL" starttime="20210607 14:55:26.784" endtime="20210607 14:56:07.391">false</status>
</test>
<status status="FAIL" starttime="20210607 14:54:48.944" endtime="20210607 14:56:07.392"/>
</suite>
<statistics>
<total>
<stat pass="0" fail="2" skip="0">All Tests</stat>
</total>
<tag>
</tag>
<suite>
<stat pass="0" fail="2" skip="0" id="s1" name="TC2">TC2</stat>
</suite>
</statistics>
<errors>
</errors>
</robot>
